C51 COMPILER V7.00 Beta 6  EXP10                                                           09/29/2023 23:03:38 PAGE 1   


C51 COMPILER V7.00 Beta 6, COMPILATION OF MODULE EXP10
OBJECT MODULE PLACED IN exp10.OBJ
COMPILER INVOKED BY: C:\Keil\C51\BIN\C51.EXE exp10.c BROWSE DEBUG OBJECTEXTEND

stmt level    source

   1          #include<reg51.h>
   2          void main()
   3          {
   4   1      unsigned char x1=0,x2=0,x3=0,x4=0;
   5   1      x1=0xcf/0x0a;
   6   1      x2=0xcf%0x0a;
   7   1      P2=x2;
   8   1      x4=x1/0x0a;
   9   1      x3=x1%0x0a;
  10   1      P1=x3;
  11   1      P0=x4;
  12   1      }
  13          


MODULE INFORMATION:   STATIC OVERLAYABLE
   CODE SIZE        =     24    ----
   CONSTANT SIZE    =   ----    ----
   XDATA SIZE       =   ----    ----
   PDATA SIZE       =   ----    ----
   DATA SIZE        =   ----    ----
   IDATA SIZE       =   ----    ----
   BIT SIZE         =   ----    ----
END OF MODULE INFORMATION.


C51 COMPILATION COMPLETE.  0 WARNING(S),  0 ERROR(S)
