C51 COMPILER V7.00 Beta 6  EXP8                                                            09/29/2023 22:51:08 PAGE 1   


C51 COMPILER V7.00 Beta 6, COMPILATION OF MODULE EXP8
OBJECT MODULE PLACED IN exp8.OBJ
COMPILER INVOKED BY: C:\Keil\C51\BIN\C51.EXE exp8.c BROWSE DEBUG OBJECTEXTEND

stmt level    source

   1          #include<reg51.h>
   2          void main()
   3          {
   4   1      unsigned long int a[]={0x22222222,0x44444444,0xaaccddee,0xffccddaa,0x2244aacc};
   5   1      unsigned long int i,temp,j;
   6   1      for(i=0;i<=4;i++)
   7   1      {
   8   2       for(j=0;j<=3;j++)
   9   2       {
  10   3        if(a[j]<a[j+1])
  11   3        {
  12   4         temp=a[j];
  13   4         a[j]=a[j+1];
  14   4         a[j+1]=temp;
  15   4        }
  16   3       }
  17   2      }
  18   1      }


MODULE INFORMATION:   STATIC OVERLAYABLE
   CODE SIZE        =    222    ----
   CONSTANT SIZE    =     20    ----
   XDATA SIZE       =   ----    ----
   PDATA SIZE       =   ----    ----
   DATA SIZE        =   ----      32
   IDATA SIZE       =   ----    ----
   BIT SIZE         =   ----    ----
END OF MODULE INFORMATION.


C51 COMPILATION COMPLETE.  0 WARNING(S),  0 ERROR(S)
